<?xml version="1.0" encoding="UTF-8"?>
<!-- Generated by org.testng.reporters.JUnitReportReporter -->
<testsuite hostname="DESKTOP-QQACKJ4" name="runner.RunCukes" tests="1" failures="0" timestamp="9 Mar 2018 04:30:38 GMT" time="270.882" errors="0">
  <testcase name="feature" time="270.882" classname="runner.RunCukes"/>
</testsuite> <!-- runner.RunCukes -->
