<?xml version="1.0" encoding="UTF-8"?>
<!-- Generated by org.testng.reporters.JUnitReportReporter -->
<testsuite hostname="DESKTOP-QQACKJ4" name="runner.RunCukes" tests="1" failures="0" timestamp="12 Mar 2018 19:38:32 GMT" time="40.837" errors="0">
  <testcase name="feature" time="40.837" classname="runner.RunCukes"/>
</testsuite> <!-- runner.RunCukes -->
